<?xml version="1.0" encoding="UTF-8"?>
<testng-results ignored="0" total="1" passed="1" failed="0" skipped="0">
  <reporter-output>
  </reporter-output>
  <suite started-at="2025-04-04T11:47:47 IST" name="Default suite" finished-at="2025-04-04T11:48:14 IST" duration-ms="27095">
    <groups>
    </groups>
    <test started-at="2025-04-04T11:47:47 IST" name="Default test" finished-at="2025-04-04T11:48:14 IST" duration-ms="27095">
      <class name="com.ShopperStack_TestScripts.TC_001_Vefify_Address_is_Added_Or_Not_Test">
        <test-method is-config="true" signature="beforeSuite()[pri:0, instance:com.ShopperStack_TestScripts.TC_001_Vefify_Address_is_Added_Or_Not_Test@6f03482]" started-at="2025-04-04T11:47:47 IST" name="beforeSuite" finished-at="2025-04-04T11:47:47 IST" duration-ms="16" status="PASS">
          <reporter-output>
          </reporter-output>
        </test-method> <!-- beforeSuite -->
        <test-method is-config="true" signature="beforeTest()[pri:0, instance:com.ShopperStack_TestScripts.TC_001_Vefify_Address_is_Added_Or_Not_Test@6f03482]" started-at="2025-04-04T11:47:47 IST" name="beforeTest" finished-at="2025-04-04T11:47:48 IST" duration-ms="519" status="PASS">
          <reporter-output>
          </reporter-output>
        </test-method> <!-- beforeTest -->
        <test-method is-config="true" signature="beforeClass()[pri:0, instance:com.ShopperStack_TestScripts.TC_001_Vefify_Address_is_Added_Or_Not_Test@6f03482]" started-at="2025-04-04T11:47:48 IST" name="beforeClass" finished-at="2025-04-04T11:47:52 IST" duration-ms="3765" status="PASS">
          <reporter-output>
          </reporter-output>
        </test-method> <!-- beforeClass -->
        <test-method is-config="true" signature="beforeMethod()[pri:0, instance:com.ShopperStack_TestScripts.TC_001_Vefify_Address_is_Added_Or_Not_Test@6f03482]" started-at="2025-04-04T11:47:52 IST" name="beforeMethod" finished-at="2025-04-04T11:48:00 IST" duration-ms="8830" status="PASS">
          <reporter-output>
          </reporter-output>
        </test-method> <!-- beforeMethod -->
        <test-method signature="addAddress()[pri:0, instance:com.ShopperStack_TestScripts.TC_001_Vefify_Address_is_Added_Or_Not_Test@6f03482]" started-at="2025-04-04T11:48:00 IST" name="addAddress" finished-at="2025-04-04T11:48:08 IST" duration-ms="7598" status="PASS">
          <reporter-output>
          </reporter-output>
        </test-method> <!-- addAddress -->
        <test-method is-config="true" signature="afterMethod()[pri:0, instance:com.ShopperStack_TestScripts.TC_001_Vefify_Address_is_Added_Or_Not_Test@6f03482]" started-at="2025-04-04T11:48:08 IST" name="afterMethod" finished-at="2025-04-04T11:48:12 IST" duration-ms="3561" status="PASS">
          <reporter-output>
          </reporter-output>
        </test-method> <!-- afterMethod -->
        <test-method is-config="true" signature="afterClass()[pri:0, instance:com.ShopperStack_TestScripts.TC_001_Vefify_Address_is_Added_Or_Not_Test@6f03482]" started-at="2025-04-04T11:48:12 IST" name="afterClass" finished-at="2025-04-04T11:48:14 IST" duration-ms="2329" status="PASS">
          <reporter-output>
          </reporter-output>
        </test-method> <!-- afterClass -->
        <test-method is-config="true" signature="afterTest()[pri:0, instance:com.ShopperStack_TestScripts.TC_001_Vefify_Address_is_Added_Or_Not_Test@6f03482]" started-at="2025-04-04T11:48:14 IST" name="afterTest" finished-at="2025-04-04T11:48:14 IST" duration-ms="432" status="PASS">
          <reporter-output>
          </reporter-output>
        </test-method> <!-- afterTest -->
        <test-method is-config="true" signature="afterSuite()[pri:0, instance:com.ShopperStack_TestScripts.TC_001_Vefify_Address_is_Added_Or_Not_Test@6f03482]" started-at="2025-04-04T11:48:14 IST" name="afterSuite" finished-at="2025-04-04T11:48:14 IST" duration-ms="1" status="PASS">
          <reporter-output>
          </reporter-output>
        </test-method> <!-- afterSuite -->
      </class> <!-- com.ShopperStack_TestScripts.TC_001_Vefify_Address_is_Added_Or_Not_Test -->
    </test> <!-- Default test -->
  </suite> <!-- Default suite -->
</testng-results>
